PLINK v1.90b6.17 64-bit (28 Apr 2020)
Options in effect:
  --allow-no-sex
  --hardy
  --noweb
  --vcf /mnt/HDD/Data/ALL.chr6.shapeit2_integrated_v1a.GRCh38.20181129.phased.vcf

Hostname: ElamThinkPad
Working directory: /home/t3chy/GeneScripts
Start time: Sun May 31 13:04:06 2020

Note: --noweb has no effect since no web check is implemented yet.
Random number seed: 1590955446
7844 MB RAM detected; reserving 3922 MB for main workspace.
--vcf: plink-temporary.bed + plink-temporary.bim + plink-temporary.fam written.
4539755 variants loaded from .bim file.
2548 people (0 males, 0 females, 2548 ambiguous) loaded from .fam.
Ambiguous sex IDs written to plink.nosex .
Using 1 thread (no multithreaded calculations invoked).
Before main variant filters, 2548 founders and 0 nonfounders present.
Calculating allele frequencies... done.
--hardy: Writing Hardy-Weinberg report (founders only) to plink.hwe ... done.

End time: Sun May 31 13:10:50 2020
